<?xml version="1.0" encoding="UTF-8"?>
<!-- Generated by org.testng.reporters.JUnitXMLReporter -->
<testsuite ignored="0" hostname="pikjians-MacBook-Air.local" failures="0" tests="10" name="FtxRestTest Test" time="7.988" errors="0" timestamp="24 Jan 2022 08:05:01 GMT">
  <testcase classname="testcase.futures.TestFuture" name="testFuture" time="2.655"/>
  <testcase classname="testcase.futures.TestFuture" name="testFuture" time="0.472"/>
  <testcase classname="testcase.futures.TestFuture" name="testFuture" time="0.382"/>
  <testcase classname="testcase.futures.TestFuture" name="testFuture" time="0.683"/>
  <testcase classname="testcase.futures.TestFuture" name="testFuture" time="0.266"/>
  <testcase classname="testcase.futures.TestFuture" name="testFuture" time="0.311"/>
  <testcase classname="testcase.futures.TestFuture" name="testFuture" time="0.371"/>
  <testcase classname="testcase.futures.TestFuture" name="testFuture" time="0.284"/>
  <testcase classname="testcase.futures.TestFuture" name="testFuture" time="0.273"/>
  <testcase classname="testcase.futures.TestFuture" name="testFuture" time="0.39"/>
</testsuite> <!-- FtxRestTest Test -->
