<?xml version="1.0" encoding="UTF-8" ?>
<testsuite tests="10" failures="0" name="TestSuite" time="6.089" errors="0" skipped="0">
  <properties>
[...]
</properties>
  <testcase classname="testcase.futures.TestFuture" name="testFuture" time="2.66"/>
  <testcase classname="testcase.futures.TestFuture" name="testFuture" time="0.466"/>
  <testcase classname="testcase.futures.TestFuture" name="testFuture" time="0.381"/>
  <testcase classname="testcase.futures.TestFuture" name="testFuture" time="0.684"/>
  <testcase classname="testcase.futures.TestFuture" name="testFuture" time="0.265"/>
  <testcase classname="testcase.futures.TestFuture" name="testFuture" time="0.311"/>
  <testcase classname="testcase.futures.TestFuture" name="testFuture" time="0.373"/>
  <testcase classname="testcase.futures.TestFuture" name="testFuture" time="0.284"/>
  <testcase classname="testcase.futures.TestFuture" name="testFuture" time="0.274"/>
  <testcase classname="testcase.futures.TestFuture" name="testFuture" time="0.391"/>
</testsuite>