<?xml version="1.0" encoding="UTF-8"?>
<testng-results ignored="0" total="10" passed="10" failed="0" skipped="0">
  <reporter-output>
  </reporter-output>
  <suite started-at="2022-01-24T08:04:48Z" name="FtxRestTest Suite" finished-at="2022-01-24T08:04:56Z" duration-ms="7988">
    <groups>
    </groups>
    <test started-at="2022-01-24T08:04:48Z" name="FtxRestTest Test" finished-at="2022-01-24T08:04:56Z" duration-ms="7988">
      <class name="testcase.futures.TestFuture">
        <test-method is-config="true" signature="beforeSuite()[pri:0, instance:testcase.futures.TestFuture@9597028]" started-at="2022-01-24T08:04:45Z" name="beforeSuite" finished-at="2022-01-24T08:04:48Z" duration-ms="2978" status="PASS">
          <reporter-output>
          </reporter-output>
        </test-method> <!-- beforeSuite -->
        <test-method signature="testFuture(java.lang.String, java.lang.String, java.lang.String)[pri:1, instance:testcase.futures.TestFuture@9597028]" started-at="2022-01-24T08:04:50Z" name="testFuture" data-provider="testfuturedata" finished-at="2022-01-24T08:04:53Z" duration-ms="2655" status="PASS">
          <params>
            <param index="0">
              <value>
                <![CDATA[BTC-PERP]]>
              </value>
            </param>
            <param index="1">
              <value>
                <![CDATA[BTC]]>
              </value>
            </param>
            <param index="2">
              <value>
                <![CDATA[Bitcoin Perpetual Futures]]>
              </value>
            </param>
          </params>
          <reporter-output>
          </reporter-output>
        </test-method> <!-- testFuture -->
        <test-method signature="testFuture(java.lang.String, java.lang.String, java.lang.String)[pri:1, instance:testcase.futures.TestFuture@9597028]" started-at="2022-01-24T08:04:53Z" name="testFuture" data-provider="testfuturedata" finished-at="2022-01-24T08:04:53Z" duration-ms="472" status="PASS">
          <params>
            <param index="0">
              <value>
                <![CDATA[ETH-PERP]]>
              </value>
            </param>
            <param index="1">
              <value>
                <![CDATA[ETH]]>
              </value>
            </param>
            <param index="2">
              <value>
                <![CDATA[Ethereum Perpetual Futures]]>
              </value>
            </param>
          </params>
          <reporter-output>
          </reporter-output>
        </test-method> <!-- testFuture -->
        <test-method signature="testFuture(java.lang.String, java.lang.String, java.lang.String)[pri:1, instance:testcase.futures.TestFuture@9597028]" started-at="2022-01-24T08:04:53Z" name="testFuture" data-provider="testfuturedata" finished-at="2022-01-24T08:04:53Z" duration-ms="382" status="PASS">
          <params>
            <param index="0">
              <value>
                <![CDATA[ADA-PERP]]>
              </value>
            </param>
            <param index="1">
              <value>
                <![CDATA[ADA]]>
              </value>
            </param>
            <param index="2">
              <value>
                <![CDATA[Cardano Perpetual Futures]]>
              </value>
            </param>
          </params>
          <reporter-output>
          </reporter-output>
        </test-method> <!-- testFuture -->
        <test-method signature="testFuture(java.lang.String, java.lang.String, java.lang.String)[pri:1, instance:testcase.futures.TestFuture@9597028]" started-at="2022-01-24T08:04:53Z" name="testFuture" data-provider="testfuturedata" finished-at="2022-01-24T08:04:54Z" duration-ms="683" status="PASS">
          <params>
            <param index="0">
              <value>
                <![CDATA[FTM-PERP]]>
              </value>
            </param>
            <param index="1">
              <value>
                <![CDATA[FTM]]>
              </value>
            </param>
            <param index="2">
              <value>
                <![CDATA[Fantom Perpetual Futures]]>
              </value>
            </param>
          </params>
          <reporter-output>
          </reporter-output>
        </test-method> <!-- testFuture -->
        <test-method signature="testFuture(java.lang.String, java.lang.String, java.lang.String)[pri:1, instance:testcase.futures.TestFuture@9597028]" started-at="2022-01-24T08:04:54Z" name="testFuture" data-provider="testfuturedata" finished-at="2022-01-24T08:04:54Z" duration-ms="266" status="PASS">
          <params>
            <param index="0">
              <value>
                <![CDATA[DOT-PERP]]>
              </value>
            </param>
            <param index="1">
              <value>
                <![CDATA[DOT]]>
              </value>
            </param>
            <param index="2">
              <value>
                <![CDATA[Polkadot Perpetual Futures]]>
              </value>
            </param>
          </params>
          <reporter-output>
          </reporter-output>
        </test-method> <!-- testFuture -->
        <test-method signature="testFuture(java.lang.String, java.lang.String, java.lang.String)[pri:1, instance:testcase.futures.TestFuture@9597028]" started-at="2022-01-24T08:04:54Z" name="testFuture" data-provider="testfuturedata" finished-at="2022-01-24T08:04:55Z" duration-ms="311" status="PASS">
          <params>
            <param index="0">
              <value>
                <![CDATA[DOGE-PERP]]>
              </value>
            </param>
            <param index="1">
              <value>
                <![CDATA[DOGE]]>
              </value>
            </param>
            <param index="2">
              <value>
                <![CDATA[Dogecoin Perpetual Futures]]>
              </value>
            </param>
          </params>
          <reporter-output>
          </reporter-output>
        </test-method> <!-- testFuture -->
        <test-method signature="testFuture(java.lang.String, java.lang.String, java.lang.String)[pri:1, instance:testcase.futures.TestFuture@9597028]" started-at="2022-01-24T08:04:55Z" name="testFuture" data-provider="testfuturedata" finished-at="2022-01-24T08:04:55Z" duration-ms="371" status="PASS">
          <params>
            <param index="0">
              <value>
                <![CDATA[SOL-PERP]]>
              </value>
            </param>
            <param index="1">
              <value>
                <![CDATA[SOL]]>
              </value>
            </param>
            <param index="2">
              <value>
                <![CDATA[Solana Perpetual Futures]]>
              </value>
            </param>
          </params>
          <reporter-output>
          </reporter-output>
        </test-method> <!-- testFuture -->
        <test-method signature="testFuture(java.lang.String, java.lang.String, java.lang.String)[pri:1, instance:testcase.futures.TestFuture@9597028]" started-at="2022-01-24T08:04:55Z" name="testFuture" data-provider="testfuturedata" finished-at="2022-01-24T08:04:55Z" duration-ms="284" status="PASS">
          <params>
            <param index="0">
              <value>
                <![CDATA[LINK-PERP]]>
              </value>
            </param>
            <param index="1">
              <value>
                <![CDATA[LINK]]>
              </value>
            </param>
            <param index="2">
              <value>
                <![CDATA[Chainlink Perpetual Futures]]>
              </value>
            </param>
          </params>
          <reporter-output>
          </reporter-output>
        </test-method> <!-- testFuture -->
        <test-method signature="testFuture(java.lang.String, java.lang.String, java.lang.String)[pri:1, instance:testcase.futures.TestFuture@9597028]" started-at="2022-01-24T08:04:55Z" name="testFuture" data-provider="testfuturedata" finished-at="2022-01-24T08:04:56Z" duration-ms="273" status="PASS">
          <params>
            <param index="0">
              <value>
                <![CDATA[BNB-PERP]]>
              </value>
            </param>
            <param index="1">
              <value>
                <![CDATA[BNB]]>
              </value>
            </param>
            <param index="2">
              <value>
                <![CDATA[BNB Perpetual Futures]]>
              </value>
            </param>
          </params>
          <reporter-output>
          </reporter-output>
        </test-method> <!-- testFuture -->
        <test-method signature="testFuture(java.lang.String, java.lang.String, java.lang.String)[pri:1, instance:testcase.futures.TestFuture@9597028]" started-at="2022-01-24T08:04:56Z" name="testFuture" data-provider="testfuturedata" finished-at="2022-01-24T08:04:56Z" duration-ms="390" status="PASS">
          <params>
            <param index="0">
              <value>
                <![CDATA[SAND-PERP]]>
              </value>
            </param>
            <param index="1">
              <value>
                <![CDATA[SAND]]>
              </value>
            </param>
            <param index="2">
              <value>
                <![CDATA[SAND Perpetual Futures]]>
              </value>
            </param>
          </params>
          <reporter-output>
          </reporter-output>
        </test-method> <!-- testFuture -->
        <test-method is-config="true" signature="tearDown()[pri:0, instance:testcase.futures.TestFuture@9597028]" started-at="2022-01-24T08:04:56Z" name="tearDown" finished-at="2022-01-24T08:04:56Z" duration-ms="1" status="PASS">
          <reporter-output>
          </reporter-output>
        </test-method> <!-- tearDown -->
        <test-method is-config="true" signature="afterTest()[pri:0, instance:testcase.futures.TestFuture@9597028]" started-at="2022-01-24T08:04:56Z" name="afterTest" finished-at="2022-01-24T08:04:56Z" duration-ms="1" status="PASS">
          <reporter-output>
          </reporter-output>
        </test-method> <!-- afterTest -->
        <test-method is-config="true" signature="tearDownSuite()[pri:0, instance:testcase.futures.TestFuture@9597028]" started-at="2022-01-24T08:05:01Z" name="tearDownSuite" finished-at="2022-01-24T08:05:02Z" duration-ms="534" status="PASS">
          <reporter-output>
          </reporter-output>
        </test-method> <!-- tearDownSuite -->
      </class> <!-- testcase.futures.TestFuture -->
    </test> <!-- FtxRestTest Test -->
  </suite> <!-- FtxRestTest Suite -->
</testng-results>
